<?xml version="1.0" encoding="UTF-8"?>

<buzztrax
  xmlns="http://www.buzztrax.org/"
  xmlns:xsd="http://www.w3.org/2001/XMLSchema-instance"
  xsd:noNamespaceSchemaLocation="buzztrax.xsd">

  <meta>
    <info>what a lovely tune</info>
    <name>test simple 1</name>
    <genre>dark-wave</genre>
    <create-dts>2005-09-20T22:10:56Z</create-dts>
    <change-dts>2005-09-20T22:10:56Z</change-dts>
    <bpm>100</bpm>
    <tpb>8</tpb>
    <bars>16</bars>
  </meta>

  <setup>
    <machines>
      <machine type="sink" id="audio_sink">
        <properties>
          <property key="xpos" value="0.7"/>
          <property key="ypos" value="0.5"/>
        </properties>
      </machine>
    </machines>
  </setup>

  <sequence length="16" tracks="1">
    <labels>
      <label time="0" name="start"/>
      <!--label time="1" name="end"/-->
    </labels>
    <tracks/>
  </sequence>

</buzztrax>
