<?xml version="1.0" encoding="UTF-8"?>

<buzztrax
  xmlns="http://www.buzztrax.org/"
  xmlns:xsd="http://www.w3.org/2001/XMLSchema-instance"
  xsd:noNamespaceSchemaLocation="buzztrax.xsd">

  <meta>
    <info>what a lovely tune</info>
    <name>test simple 1</name>
    <genre>dark-wave</genre>
    <create-dts>2005-09-20T22:10:56Z</create-dts>
    <change-dts>2005-09-20T22:10:56Z</change-dts>
    <bpm>100</bpm>
    <tpb>8</tpb>
    <bars>16</bars>
  </meta>

  <setup>
    <machines>
      <machine type="sink" id="audio_sink">
        <properties>
          <property key="xpos" value="0.7"/>
          <property key="ypos" value="0.5"/>
        </properties>
      </machine>

      <machine type="source" id="sine1" plugin-name="audiotestsrc" voices="0">
        <properties>
          <property key="xpos" value="0.0"/>
          <property key="ypos" value="0.5"/>
        </properties>
        <globaldata name="volume" value="0.1"/>
        <patterns>
          <pattern name="beeps" length="3">
            <tick time="0">
              <globaldata name="freq" value="440.0"/>
            </tick>
            <tick time="1">
              <globaldata name="freq" value="880.0"/>
            </tick>
            <tick time="2">
              <globaldata name="freq" value="1760.0"/>
            </tick>
          </pattern>
        </patterns>
      </machine>
    </machines>

    <wires>
      <wire src="sine1" dst="audio_sink" gain="1.0"/>
    </wires>
  </setup>

  <sequence length="16" tracks="1">
    <labels>
      <label time="0" name="start"/>
      <!--label time="1" name="end"/-->
    </labels>
    <tracks>
      <track index="0" machine="sine1">
        <position time="0" pattern="sine1_beep"/>
      </track>
    </tracks>
  </sequence>

</buzztrax>
